<testsuite failures="1" name="karate/request/Addpettostore.feature" skipped="0" tests="1" time="2.925544">
  <testcase classname="karate.request.Addpettostore" name="Check the service GET method" time="2.925544">
    <failure message="Addpettostore.feature:13 - status code was: 404, expected: 200, response time: 1070, url: https://petstore.swagger.io/v2/users/2, response: &lt;apiResponse&gt;&lt;message&gt;null for uri: http://petstore.swagger.io/v2/users/2&lt;/message&gt;&lt;type&gt;unknown&lt;/type&gt;&lt;/apiResponse&gt;">* url url ................................................................. passed
* def responsesGet = read('classpath:karate/request/Addpettostore.feature') . passed
Given path 'users', '2' ................................................... passed
When method get ........................................................... passed
Then status 200 ........................................................... failed

Stack Trace:
com.intuit.karate.exception.KarateException: Addpettostore.feature:13 - status code was: 404, expected: 200, response time: 1070, url: https://petstore.swagger.io/v2/users/2, response: &lt;apiResponse&gt;&lt;message&gt;null for uri: http://petstore.swagger.io/v2/users/2&lt;/message&gt;&lt;type&gt;unknown&lt;/type&gt;&lt;/apiResponse&gt;&#13;
	at âœ½.Then status 200 (Addpettostore.feature:13)&#13;

And match response == responsesPost ....................................... skipped</failure>
  </testcase>
</testsuite>
