<testsuite failures="0" name="karate/request/Updateaexistingpet.feature" skipped="0" tests="1" time="0.795064">
  <testcase classname="karate.request.Updateaexistingpet" name="Check the service PUT method" time="0.795064">
    <system-out>* url url ................................................................. passed
* def responsesPut = read('classpath:karate/request/ResponsePut.json') .... passed
* def BodyRequest = read('classpath:karate/request/RequestBodyPut-upadateaexistingpet.json') . passed
Given path 'pet' .......................................................... passed
And request BodyRequest ................................................... passed
When method put ........................................................... passed
Then status 200 ........................................................... passed
And match response == responsesPut ........................................ passed</system-out>
  </testcase>
</testsuite>
