<testsuite failures="0" name="karate/request/Updateapetbydata.feature" skipped="0" tests="1" time="0.472293">
  <testcase classname="karate.request.Updateapetbydata" name="Check the service GET method" time="0.472293">
    <system-out>* url url ................................................................. passed
* def responsesGet = read('classpath:karate/request/ResponseGet.json') .... passed
Given path 'pet', '1000' .................................................. passed
When method get ........................................................... passed
Then status 200 ........................................................... passed
And match response == responsesGet ........................................ passed</system-out>
  </testcase>
</testsuite>
