<testsuite failures="1" name="src/test/resources/karate/request/Pet/Deleteapet/Deleteapet.feature" skipped="0" tests="3" time="3.425925">
  <testcase classname="src.test.resources.karate.request.Pet.Deleteapet.Deleteapet" name="Delete a pet for Id" time="2.502769">
    <system-out>* url url ................................................................. passed
* def idPet = '1000' ...................................................... passed
* def responsesGet = read('classpath:karate/request/Pet/Deleteapet/Deleteapet.feature') . passed
Given path 'pet' ,'idPet' ................................................. passed
When method Delete ........................................................ passed
Then status 404 ........................................................... passed</system-out>
  </testcase>
  <testcase classname="src.test.resources.karate.request.Pet.Deleteapet.Deleteapet" name="Delete a pet for Id" time="0.484654">
    <system-out>* url url ................................................................. passed
* def idPet = '1000' ...................................................... passed
* def responsesGet = read('classpath:karate/request/Pet/Deleteapet/Deleteapet.feature') . passed
Given path 'pet' ,'idPet' ................................................. passed
When method Delete ........................................................ passed
Then status 404 ........................................................... passed
* url url ................................................................. passed
* def idPet = 'gain' ...................................................... passed
* def responsesGet = read('classpath:karate/request/Pet/Deleteapet/Deleteapet.feature') . passed
Given path 'pet' ,'idPet' ................................................. passed
When method Delete ........................................................ passed
Then status 404 ........................................................... passed</system-out>
  </testcase>
  <testcase classname="src.test.resources.karate.request.Pet.Deleteapet.Deleteapet" name="Delete a pet for Id" time="0.438502">
    <failure message="Deleteapet.feature:15 - status code was: 404, expected: 405, response time: 420, url: https://petstore.swagger.io/v2/pet/idPet, response: {&quot;code&quot;:404,&quot;type&quot;:&quot;unknown&quot;,&quot;message&quot;:&quot;java.lang.NumberFormatException: For input string: \&quot;idPet\&quot;&quot;}">* url url ................................................................. passed
* def idPet = '1000' ...................................................... passed
* def responsesGet = read('classpath:karate/request/Pet/Deleteapet/Deleteapet.feature') . passed
Given path 'pet' ,'idPet' ................................................. passed
When method Delete ........................................................ passed
Then status 404 ........................................................... passed
* url url ................................................................. passed
* def idPet = 'gain' ...................................................... passed
* def responsesGet = read('classpath:karate/request/Pet/Deleteapet/Deleteapet.feature') . passed
Given path 'pet' ,'idPet' ................................................. passed
When method Delete ........................................................ passed
Then status 404 ........................................................... passed
* url url ................................................................. passed
* def idPet = '' .......................................................... passed
* def responsesGet = read('classpath:karate/request/Pet/Deleteapet/Deleteapet.feature') . passed
Given path 'pet' ,'idPet' ................................................. passed
When method Delete ........................................................ passed
Then status 405 ........................................................... failed

Stack Trace:
com.intuit.karate.exception.KarateException: Deleteapet.feature:15 - status code was: 404, expected: 405, response time: 420, url: https://petstore.swagger.io/v2/pet/idPet, response: {"code":404,"type":"unknown","message":"java.lang.NumberFormatException: For input string: \"idPet\""}&#13;
	at ✽.Then status 405 (Deleteapet.feature:15)</failure>
  </testcase>
</testsuite>
